<?xml version="1.0" encoding="UTF-8"?>
<!-- Generated by org.testng.reporters.JUnitReportReporter -->
<testsuite hostname="ACHYUT" failures="0" tests="1" name="com.sampleTestScripts.testScriptTest1" time="0.016" errors="0" timestamp="2024-07-27T11:35:12 IST" skipped="0">
  <testcase classname="com.sampleTestScripts.testScriptTest1" name="executeScript" time="0.016">
    <system-out>
      <![CDATA[Learning Maven]]>
    </system-out>
  </testcase> <!-- executeScript -->
  <system-out>
    <![CDATA[Learning Maven]]>
  </system-out>
</testsuite> <!-- com.sampleTestScripts.testScriptTest1 -->
